\BOOKMARK [1][-]{section.1}{Introduction}{}% 1
\BOOKMARK [1][-]{section.2}{Where to Approximate}{}% 2
\BOOKMARK [1][-]{section.3}{Additional Mathematical Tools}{}% 3
\BOOKMARK [2][-]{subsection.3.1}{Relative Information}{section.3}% 4
\BOOKMARK [2][-]{subsection.3.2}{Bayesian Neuro Network \(BNN\)}{section.3}% 5
\BOOKMARK [1][-]{section.4}{System Modelling}{}% 6
\BOOKMARK [2][-]{subsection.4.1}{Measure Model Uncertainty with BNN}{section.4}% 7
\BOOKMARK [2][-]{subsection.4.2}{Embeded Optimization Layer and Residual Dynamics}{section.4}% 8
\BOOKMARK [2][-]{subsection.4.3}{Safe Region}{section.4}% 9
\BOOKMARK [1][-]{section.5}{Policy Gradient}{}% 10
\BOOKMARK [2][-]{subsection.5.1}{Trust Region Policy Iteration}{section.5}% 11
\BOOKMARK [2][-]{subsection.5.2}{Direct Policy Fitting}{section.5}% 12
\BOOKMARK [1][-]{section.6}{Approximate Dynamic Programming}{}% 13
\BOOKMARK [2][-]{subsection.6.1}{Value Iteration and Policy Iteration}{section.6}% 14
\BOOKMARK [2][-]{subsection.6.2}{Maximum Entropy Reinforcement Learning}{section.6}% 15
\BOOKMARK [1][-]{section.7}{Other Ways to Utilize Increased Computational Power}{}% 16
\BOOKMARK [2][-]{subsection.7.1}{Multiagent Formulation}{section.7}% 17
\BOOKMARK [2][-]{subsection.7.2}{Monte Carlo Tree Search}{section.7}% 18
\BOOKMARK [2][-]{subsection.7.3}{Random Shoot}{section.7}% 19
\BOOKMARK [2][-]{subsection.7.4}{Wireless Power Transfer}{section.7}% 20
\BOOKMARK [1][-]{section.8}{Reinforcement Learning}{}% 21
\BOOKMARK [2][-]{subsection.8.1}{problem setup}{section.8}% 22
\BOOKMARK [2][-]{subsection.8.2}{Without Approximation}{section.8}% 23
\BOOKMARK [2][-]{subsection.8.3}{With Approximation}{section.8}% 24
\BOOKMARK [2][-]{subsection.8.4}{Policy Gradient Methods}{section.8}% 25
\BOOKMARK [2][-]{subsection.8.5}{Multiagent Reinforcement Learning}{section.8}% 26
\BOOKMARK [1][-]{section.9}{Beamforming as a Multiagent Reinforcement Learning problem}{}% 27
\BOOKMARK [2][-]{subsection.9.1}{Environment}{section.9}% 28
\BOOKMARK [2][-]{subsection.9.2}{A3C agent}{section.9}% 29
\BOOKMARK [2][-]{subsection.9.3}{Simulation Result}{section.9}% 30
\BOOKMARK [1][-]{section.10}{Conclusion}{}% 31
\BOOKMARK [1][-]{section*.11}{References}{}% 32
